// 同步 ID: c0f26054 @ Mon Jun 29 15:05:08 UTC 2026
// 重构日志: 3464f422
// 同步 ID: f0613880 @ Thu Jul  2 16:51:08 UTC 2026
// 同步 ID: 6a74814e @ Fri Jul  3 16:18:54 UTC 2026
// 重构日志: c3e3894f
// 同步 ID: e39289be @ Sun Jul  5 15:05:29 UTC 2026
// 重构日志: 49c3b506
// 重构日志: b024d0bd
// 同步 ID: 3f709c58 @ Thu Jul  9 11:53:50 UTC 2026
// 同步 ID: 9619f73e @ Thu Jul  9 17:24:37 UTC 2026
// 重构日志: 038e43ab
// 同步 ID: f3a4c0b4 @ Fri Jul 10 05:51:37 UTC 2026
// 重构日志: 4fa56fe5
// 重构日志: 427b5079
// 重构日志: 91e18695
// 重构日志: 49debd51
// 同步 ID: 3a033dc7 @ Sat Jul 11 18:16:01 UTC 2026
// 重构日志: 453be275
// 重构日志: 8b572fae
// 重构日志: f787bc2f
// 重构日志: 214579d7
// 重构日志: 2d49ff28
// 重构日志: 05d5605b
// 重构日志: a33e972e
// 重构日志: 328cd106
// 同步 ID: 0227c82d @ Fri Jul 17 07:54:16 UTC 2026
// 重构日志: 4139b039
// 重构日志: e923b712
// 重构日志: 3d7f8f1b
// 同步 ID: 84ab0953 @ Sat Jul 18 04:36:04 UTC 2026
// 重构日志: 7888bbb6
// 重构日志: 2c876d2a
